0 info it worked if it ends with ok
1 verbose cli [ '/usr/local/bin/node',
1 verbose cli   '/usr/local/bin/npm',
1 verbose cli   'version',
1 verbose cli   'patch' ]
2 info using npm@3.8.7
3 info using node@v5.2.0
4 info git [ 'status', '--porcelain' ]
5 verbose stack Error: Git working directory not clean.
5 verbose stack M .gitignore
5 verbose stack A  docs/README.md
5 verbose stack A  docs/index.css
5 verbose stack AM docs/index.html
5 verbose stack A  src/BorderBox/BorderBox.js
5 verbose stack A  src/BorderBox/BorderLine.js
5 verbose stack AM src/BorderBox/index.js
5 verbose stack A  src/HorizontalFlex/HorizontalFlexBox.js
5 verbose stack A  src/HorizontalFlex/HorizontalFlexItem.js
5 verbose stack AM src/HorizontalFlex/index.js
5 verbose stack A  src/VerticalFlex/VerticalFlexBox.js
5 verbose stack A  src/VerticalFlex/VerticalFlexItem.js
5 verbose stack AM src/VerticalFlex/index.js
5 verbose stack AM src/index.js
5 verbose stack     at /usr/local/lib/node_modules/npm/lib/version.js:246:19
5 verbose stack     at ChildProcess.exithandler (child_process.js:205:7)
5 verbose stack     at emitTwo (events.js:88:13)
5 verbose stack     at ChildProcess.emit (events.js:173:7)
5 verbose stack     at maybeClose (internal/child_process.js:819:16)
5 verbose stack     at Socket.<anonymous> (internal/child_process.js:320:11)
5 verbose stack     at emitOne (events.js:78:13)
5 verbose stack     at Socket.emit (events.js:170:7)
5 verbose stack     at Pipe._onclose (net.js:470:12)
6 verbose cwd /Users/vivaxy/code/github/react-pianist
7 error Darwin 15.6.0
8 error argv "/usr/local/bin/node" "/usr/local/bin/npm" "version" "patch"
9 error node v5.2.0
10 error npm  v3.8.7
11 error Git working directory not clean.
11 error M .gitignore
11 error A  docs/README.md
11 error A  docs/index.css
11 error AM docs/index.html
11 error A  src/BorderBox/BorderBox.js
11 error A  src/BorderBox/BorderLine.js
11 error AM src/BorderBox/index.js
11 error A  src/HorizontalFlex/HorizontalFlexBox.js
11 error A  src/HorizontalFlex/HorizontalFlexItem.js
11 error AM src/HorizontalFlex/index.js
11 error A  src/VerticalFlex/VerticalFlexBox.js
11 error A  src/VerticalFlex/VerticalFlexItem.js
11 error AM src/VerticalFlex/index.js
11 error AM src/index.js
12 error If you need help, you may report this error at:
12 error     <https://github.com/npm/npm/issues>
13 verbose exit [ 1, true ]
